2020-11-12 09:19:09,850 INFO [Test worker] o.s.b.t.c.SpringBootTestContextBootstrapper [AbstractTestContextBootstrapper.java:308] Neither @ContextConfiguration nor @ContextHierarchy found for test class [org.dell.kube.pagesapi.HomeApiTest], using SpringBootContextLoader
2020-11-12 09:19:09,859 INFO [Test worker] o.s.t.c.s.AbstractContextLoader [AbstractContextLoader.java:264] Could not detect default resource locations for test class [org.dell.kube.pagesapi.HomeApiTest]: no resource found for suffixes {-context.xml, Context.groovy}.
2020-11-12 09:19:10,017 INFO [Test worker] o.s.b.t.c.SpringBootTestContextBootstrapper [AbstractTestContextBootstrapper.java:248] Loaded default TestExecutionListener class names from location [META-INF/spring.factories]: [org.springframework.boot.test.autoconfigure.restdocs.RestDocsTestExecutionListener, org.springframework.boot.test.autoconfigure.web.client.MockRestServiceServerResetTestExecutionListener, org.springframework.boot.test.autoconfigure.web.servlet.MockMvcPrintOnlyOnFailureTestExecutionListener, org.springframework.boot.test.autoconfigure.web.servlet.WebDriverTestExecutionListener, org.springframework.boot.test.autoconfigure.webservices.client.MockWebServiceServerTestExecutionListener, org.springframework.boot.test.mock.mockito.MockitoTestExecutionListener, org.springframework.boot.test.mock.mockito.ResetMocksTestExecutionListener, org.springframework.test.context.web.ServletTestExecutionListener, org.springframework.test.context.support.DirtiesContextBeforeModesTestExecutionListener, org.springframework.test.context.support.DependencyInjectionTestExecutionListener, org.springframework.test.context.support.DirtiesContextTestExecutionListener, org.springframework.test.context.transaction.TransactionalTestExecutionListener, org.springframework.test.context.jdbc.SqlScriptsTestExecutionListener, org.springframework.test.context.event.EventPublishingTestExecutionListener]
2020-11-12 09:19:10,032 INFO [Test worker] o.s.b.t.c.SpringBootTestContextBootstrapper [AbstractTestContextBootstrapper.java:177] Using TestExecutionListeners: [org.springframework.test.context.web.ServletTestExecutionListener@262b98f3, org.springframework.test.context.support.DirtiesContextBeforeModesTestExecutionListener@6da947a3, org.springframework.boot.test.mock.mockito.MockitoTestExecutionListener@28d200ae, org.springframework.boot.test.autoconfigure.SpringBootDependencyInjectionTestExecutionListener@304f7afd, org.springframework.test.context.support.DirtiesContextTestExecutionListener@4ad99007, org.springframework.test.context.transaction.TransactionalTestExecutionListener@6dea52a0, org.springframework.test.context.jdbc.SqlScriptsTestExecutionListener@5505e8c3, org.springframework.test.context.event.EventPublishingTestExecutionListener@1ed6f80c, org.springframework.boot.test.autoconfigure.restdocs.RestDocsTestExecutionListener@18091a79, org.springframework.boot.test.autoconfigure.web.client.MockRestServiceServerResetTestExecutionListener@27c9348a, org.springframework.boot.test.autoconfigure.web.servlet.MockMvcPrintOnlyOnFailureTestExecutionListener@5d709340, org.springframework.boot.test.autoconfigure.web.servlet.WebDriverTestExecutionListener@744f167a, org.springframework.boot.test.autoconfigure.webservices.client.MockWebServiceServerTestExecutionListener@24c51058, org.springframework.boot.test.mock.mockito.ResetMocksTestExecutionListener@4a461d2e]
2020-11-12 09:19:10,448 INFO [Test worker] o.d.k.p.HomeApiTest [StartupInfoLogger.java:55] Starting HomeApiTest on lin01 with PID 1362 (started by student in /home/student/workspace/pages)
2020-11-12 09:19:10,450 INFO [Test worker] o.d.k.p.HomeApiTest [SpringApplication.java:651] No active profile set, falling back to default profiles: default
2020-11-12 09:19:12,296 INFO [Test worker] o.s.b.w.e.t.TomcatWebServer [TomcatWebServer.java:108] Tomcat initialized with port(s): 0 (http)
2020-11-12 09:19:12,309 INFO [Test worker] o.a.c.h.Http11NioProtocol [DirectJDKLog.java:173] Initializing ProtocolHandler ["http-nio-auto-1"]
2020-11-12 09:19:12,311 INFO [Test worker] o.a.c.c.StandardService [DirectJDKLog.java:173] Starting service [Tomcat]
2020-11-12 09:19:12,312 INFO [Test worker] o.a.c.c.StandardEngine [DirectJDKLog.java:173] Starting Servlet engine: [Apache Tomcat/9.0.36]
2020-11-12 09:19:12,425 INFO [Test worker] o.a.c.c.C.[.[.[/] [DirectJDKLog.java:173] Initializing Spring embedded WebApplicationContext
2020-11-12 09:19:12,426 INFO [Test worker] o.s.b.w.s.c.ServletWebServerApplicationContext [ServletWebServerApplicationContext.java:285] Root WebApplicationContext: initialization completed in 1954 ms
2020-11-12 09:19:13,072 INFO [Test worker] o.s.s.c.ThreadPoolTaskExecutor [ExecutorConfigurationSupport.java:181] Initializing ExecutorService 'applicationTaskExecutor'
2020-11-12 09:19:13,600 INFO [Test worker] o.s.b.a.e.w.EndpointLinksResolver [EndpointLinksResolver.java:58] Exposing 2 endpoint(s) beneath base path '/actuator'
2020-11-12 09:19:13,660 INFO [Test worker] o.a.c.h.Http11NioProtocol [DirectJDKLog.java:173] Starting ProtocolHandler ["http-nio-auto-1"]
2020-11-12 09:19:13,700 INFO [Test worker] o.s.b.w.e.t.TomcatWebServer [TomcatWebServer.java:220] Tomcat started on port(s): 37341 (http) with context path ''
2020-11-12 09:19:13,719 INFO [Test worker] o.d.k.p.HomeApiTest [StartupInfoLogger.java:61] Started HomeApiTest in 3.648 seconds (JVM running for 4.936)
2020-11-12 09:19:14,215 INFO [http-nio-auto-1-exec-1] o.a.c.c.C.[.[.[/] [DirectJDKLog.java:173] Initializing Spring DispatcherServlet 'dispatcherServlet'
2020-11-12 09:19:14,219 INFO [http-nio-auto-1-exec-1] o.s.w.s.DispatcherServlet [FrameworkServlet.java:525] Initializing Servlet 'dispatcherServlet'
2020-11-12 09:19:14,237 INFO [http-nio-auto-1-exec-1] o.s.w.s.DispatcherServlet [FrameworkServlet.java:547] Completed initialization in 17 ms
2020-11-12 09:19:14,374 INFO [http-nio-auto-1-exec-2] c.z.h.HikariDataSource [HikariDataSource.java:110] HikariPool-1 - Starting...
2020-11-12 09:19:14,542 INFO [http-nio-auto-1-exec-2] c.z.h.HikariDataSource [HikariDataSource.java:123] HikariPool-1 - Start completed.
2020-11-12 09:19:14,620 INFO [Test worker] o.s.b.t.c.SpringBootTestContextBootstrapper [AbstractTestContextBootstrapper.java:308] Neither @ContextConfiguration nor @ContextHierarchy found for test class [org.dell.kube.pagesapi.PageApiTest], using SpringBootContextLoader
2020-11-12 09:19:14,621 INFO [Test worker] o.s.t.c.s.AbstractContextLoader [AbstractContextLoader.java:264] Could not detect default resource locations for test class [org.dell.kube.pagesapi.PageApiTest]: no resource found for suffixes {-context.xml, Context.groovy}.
2020-11-12 09:19:14,627 INFO [Test worker] o.s.b.t.c.SpringBootTestContextBootstrapper [AbstractTestContextBootstrapper.java:248] Loaded default TestExecutionListener class names from location [META-INF/spring.factories]: [org.springframework.boot.test.autoconfigure.restdocs.RestDocsTestExecutionListener, org.springframework.boot.test.autoconfigure.web.client.MockRestServiceServerResetTestExecutionListener, org.springframework.boot.test.autoconfigure.web.servlet.MockMvcPrintOnlyOnFailureTestExecutionListener, org.springframework.boot.test.autoconfigure.web.servlet.WebDriverTestExecutionListener, org.springframework.boot.test.autoconfigure.webservices.client.MockWebServiceServerTestExecutionListener, org.springframework.boot.test.mock.mockito.MockitoTestExecutionListener, org.springframework.boot.test.mock.mockito.ResetMocksTestExecutionListener, org.springframework.test.context.web.ServletTestExecutionListener, org.springframework.test.context.support.DirtiesContextBeforeModesTestExecutionListener, org.springframework.test.context.support.DependencyInjectionTestExecutionListener, org.springframework.test.context.support.DirtiesContextTestExecutionListener, org.springframework.test.context.transaction.TransactionalTestExecutionListener, org.springframework.test.context.jdbc.SqlScriptsTestExecutionListener, org.springframework.test.context.event.EventPublishingTestExecutionListener]
2020-11-12 09:19:14,628 INFO [Test worker] o.s.b.t.c.SpringBootTestContextBootstrapper [AbstractTestContextBootstrapper.java:177] Using TestExecutionListeners: [org.springframework.test.context.web.ServletTestExecutionListener@339d6d0e, org.springframework.test.context.support.DirtiesContextBeforeModesTestExecutionListener@6168658c, org.springframework.boot.test.mock.mockito.MockitoTestExecutionListener@121f226d, org.springframework.boot.test.autoconfigure.SpringBootDependencyInjectionTestExecutionListener@601ec21, org.springframework.test.context.support.DirtiesContextTestExecutionListener@5eac04f2, org.springframework.test.context.transaction.TransactionalTestExecutionListener@7cca4eae, org.springframework.test.context.jdbc.SqlScriptsTestExecutionListener@172d0710, org.springframework.test.context.event.EventPublishingTestExecutionListener@1e449130, org.springframework.boot.test.autoconfigure.restdocs.RestDocsTestExecutionListener@20f19d9e, org.springframework.boot.test.autoconfigure.web.client.MockRestServiceServerResetTestExecutionListener@e600810, org.springframework.boot.test.autoconfigure.web.servlet.MockMvcPrintOnlyOnFailureTestExecutionListener@718a8b4b, org.springframework.boot.test.autoconfigure.web.servlet.WebDriverTestExecutionListener@4bfd595b, org.springframework.boot.test.autoconfigure.webservices.client.MockWebServiceServerTestExecutionListener@67cc30d7, org.springframework.boot.test.mock.mockito.ResetMocksTestExecutionListener@696284b6]
2020-11-12 09:19:14,736 INFO [http-nio-auto-1-exec-3] o.d.k.p.PageController [PageController.java:20] CREATE-INFO:Creating a new page
2020-11-12 09:19:14,806 INFO [http-nio-auto-1-exec-3] o.d.k.p.PageController [PageController.java:23] CREATE-INFO:Created a new page with id = 1
2020-11-12 09:19:14,821 INFO [http-nio-auto-1-exec-4] o.d.k.p.PageController [PageController.java:41] LIST-INFO:Fetching all pages
2020-11-12 09:19:14,921 INFO [http-nio-auto-1-exec-5] o.d.k.p.PageController [PageController.java:20] CREATE-INFO:Creating a new page
2020-11-12 09:19:14,933 INFO [http-nio-auto-1-exec-5] o.d.k.p.PageController [PageController.java:23] CREATE-INFO:Created a new page with id = 1
2020-11-12 09:19:14,944 INFO [http-nio-auto-1-exec-6] o.d.k.p.PageController [PageController.java:29] READ-INFO:Fetching page with id = 1
2020-11-12 09:19:15,004 INFO [http-nio-auto-1-exec-7] o.d.k.p.PageController [PageController.java:20] CREATE-INFO:Creating a new page
2020-11-12 09:19:15,011 INFO [http-nio-auto-1-exec-7] o.d.k.p.PageController [PageController.java:23] CREATE-INFO:Created a new page with id = 1
2020-11-12 09:19:15,066 INFO [http-nio-auto-1-exec-8] o.d.k.p.PageController [PageController.java:20] CREATE-INFO:Creating a new page
2020-11-12 09:19:15,072 INFO [http-nio-auto-1-exec-8] o.d.k.p.PageController [PageController.java:23] CREATE-INFO:Created a new page with id = 1
2020-11-12 09:19:15,077 INFO [http-nio-auto-1-exec-9] o.d.k.p.PageController [PageController.java:63] DELETE-INFO:Deleting the page with id = 1
2020-11-12 09:19:15,084 INFO [http-nio-auto-1-exec-9] o.d.k.p.PageController [PageController.java:66] DELETE-INFO:Deleted the page with id = 1
2020-11-12 09:19:15,090 INFO [http-nio-auto-1-exec-10] o.d.k.p.PageController [PageController.java:29] READ-INFO:Fetching page with id = 1
2020-11-12 09:19:15,092 ERROR [http-nio-auto-1-exec-10] o.d.k.p.PageController [PageController.java:35] READ-ERROR:Could not find page with id = 1
2020-11-12 09:19:15,150 INFO [http-nio-auto-1-exec-1] o.d.k.p.PageController [PageController.java:20] CREATE-INFO:Creating a new page
2020-11-12 09:19:15,157 INFO [http-nio-auto-1-exec-1] o.d.k.p.PageController [PageController.java:23] CREATE-INFO:Created a new page with id = 1
2020-11-12 09:19:15,164 INFO [http-nio-auto-1-exec-2] o.d.k.p.PageController [PageController.java:48] UPDATE-INFO:Updating the page with id = 1
2020-11-12 09:19:15,171 INFO [http-nio-auto-1-exec-2] o.d.k.p.PageController [PageController.java:52] UPDATE-INFO:Updated the page with id = 1
2020-11-12 09:19:15,178 INFO [Test worker] o.s.b.t.c.SpringBootTestContextBootstrapper [AbstractTestContextBootstrapper.java:308] Neither @ContextConfiguration nor @ContextHierarchy found for test class [org.dell.kube.pages.MySqlPageRepositoryTest], using SpringBootContextLoader
2020-11-12 09:19:15,180 INFO [Test worker] o.s.t.c.s.AbstractContextLoader [AbstractContextLoader.java:264] Could not detect default resource locations for test class [org.dell.kube.pages.MySqlPageRepositoryTest]: no resource found for suffixes {-context.xml, Context.groovy}.
2020-11-12 09:19:15,181 INFO [Test worker] o.s.t.c.s.AnnotationConfigContextLoaderUtils [AnnotationConfigContextLoaderUtils.java:83] Could not detect default configuration classes for test class [org.dell.kube.pages.MySqlPageRepositoryTest]: MySqlPageRepositoryTest does not declare any static, non-private, non-final, nested classes annotated with @Configuration.
2020-11-12 09:19:15,193 INFO [Test worker] o.s.b.t.c.SpringBootTestContextBootstrapper [SpringBootTestContextBootstrapper.java:237] Found @SpringBootConfiguration org.dell.kube.pages.PageApplication for test class org.dell.kube.pages.MySqlPageRepositoryTest
2020-11-12 09:19:15,195 INFO [Test worker] o.s.b.t.c.SpringBootTestContextBootstrapper [AbstractTestContextBootstrapper.java:248] Loaded default TestExecutionListener class names from location [META-INF/spring.factories]: [org.springframework.boot.test.autoconfigure.restdocs.RestDocsTestExecutionListener, org.springframework.boot.test.autoconfigure.web.client.MockRestServiceServerResetTestExecutionListener, org.springframework.boot.test.autoconfigure.web.servlet.MockMvcPrintOnlyOnFailureTestExecutionListener, org.springframework.boot.test.autoconfigure.web.servlet.WebDriverTestExecutionListener, org.springframework.boot.test.autoconfigure.webservices.client.MockWebServiceServerTestExecutionListener, org.springframework.boot.test.mock.mockito.MockitoTestExecutionListener, org.springframework.boot.test.mock.mockito.ResetMocksTestExecutionListener, org.springframework.test.context.web.ServletTestExecutionListener, org.springframework.test.context.support.DirtiesContextBeforeModesTestExecutionListener, org.springframework.test.context.support.DependencyInjectionTestExecutionListener, org.springframework.test.context.support.DirtiesContextTestExecutionListener, org.springframework.test.context.transaction.TransactionalTestExecutionListener, org.springframework.test.context.jdbc.SqlScriptsTestExecutionListener, org.springframework.test.context.event.EventPublishingTestExecutionListener]
2020-11-12 09:19:15,196 INFO [Test worker] o.s.b.t.c.SpringBootTestContextBootstrapper [AbstractTestContextBootstrapper.java:177] Using TestExecutionListeners: [org.springframework.test.context.web.ServletTestExecutionListener@5344c18b, org.springframework.test.context.support.DirtiesContextBeforeModesTestExecutionListener@5456076, org.springframework.boot.test.mock.mockito.MockitoTestExecutionListener@7a98060c, org.springframework.boot.test.autoconfigure.SpringBootDependencyInjectionTestExecutionListener@6e96685, org.springframework.test.context.support.DirtiesContextTestExecutionListener@73d4a74a, org.springframework.test.context.transaction.TransactionalTestExecutionListener@5d3c2f96, org.springframework.test.context.jdbc.SqlScriptsTestExecutionListener@672eea5b, org.springframework.test.context.event.EventPublishingTestExecutionListener@2a3e6575, org.springframework.boot.test.autoconfigure.restdocs.RestDocsTestExecutionListener@7c86798f, org.springframework.boot.test.autoconfigure.web.client.MockRestServiceServerResetTestExecutionListener@407aa916, org.springframework.boot.test.autoconfigure.web.servlet.MockMvcPrintOnlyOnFailureTestExecutionListener@5096ff70, org.springframework.boot.test.autoconfigure.web.servlet.WebDriverTestExecutionListener@95a2dda, org.springframework.boot.test.autoconfigure.webservices.client.MockWebServiceServerTestExecutionListener@465f777f, org.springframework.boot.test.mock.mockito.ResetMocksTestExecutionListener@537844bb]
2020-11-12 09:19:15,227 INFO [Test worker] o.d.k.p.MySqlPageRepositoryTest [StartupInfoLogger.java:55] Starting MySqlPageRepositoryTest on lin01 with PID 1362 (started by student in /home/student/workspace/pages)
2020-11-12 09:19:15,227 INFO [Test worker] o.d.k.p.MySqlPageRepositoryTest [SpringApplication.java:651] No active profile set, falling back to default profiles: default
2020-11-12 09:19:16,052 INFO [Test worker] o.s.s.c.ThreadPoolTaskExecutor [ExecutorConfigurationSupport.java:181] Initializing ExecutorService 'applicationTaskExecutor'
2020-11-12 09:19:16,321 INFO [Test worker] o.s.b.a.e.w.EndpointLinksResolver [EndpointLinksResolver.java:58] Exposing 2 endpoint(s) beneath base path '/actuator'
2020-11-12 09:19:16,362 INFO [Test worker] o.d.k.p.MySqlPageRepositoryTest [StartupInfoLogger.java:61] Started MySqlPageRepositoryTest in 1.158 seconds (JVM running for 7.58)
2020-11-12 09:19:16,374 INFO [Test worker] c.z.h.HikariDataSource [HikariDataSource.java:110] HikariPool-2 - Starting...
2020-11-12 09:19:16,381 INFO [Test worker] c.z.h.HikariDataSource [HikariDataSource.java:123] HikariPool-2 - Start completed.
2020-11-12 09:19:17,129 INFO [Test worker] o.d.k.p.PageController [PageController.java:41] LIST-INFO:Fetching all pages
2020-11-12 09:19:17,150 INFO [Test worker] o.d.k.p.PageController [PageController.java:29] READ-INFO:Fetching page with id = 1
2020-11-12 09:19:17,155 INFO [Test worker] o.d.k.p.PageController [PageController.java:29] READ-INFO:Fetching page with id = 1
2020-11-12 09:19:17,156 ERROR [Test worker] o.d.k.p.PageController [PageController.java:35] READ-ERROR:Could not find page with id = 1
2020-11-12 09:19:17,163 INFO [Test worker] o.d.k.p.PageController [PageController.java:48] UPDATE-INFO:Updating the page with id = 1
2020-11-12 09:19:17,164 ERROR [Test worker] o.d.k.p.PageController [PageController.java:57] UPDATE-ERROR:Could not update the page with id = 1
2020-11-12 09:19:17,166 INFO [Test worker] o.d.k.p.PageController [PageController.java:20] CREATE-INFO:Creating a new page
2020-11-12 09:19:17,166 INFO [Test worker] o.d.k.p.PageController [PageController.java:23] CREATE-INFO:Created a new page with id = 1
2020-11-12 09:19:17,168 INFO [Test worker] o.d.k.p.PageController [PageController.java:63] DELETE-INFO:Deleting the page with id = 1
2020-11-12 09:19:17,169 INFO [Test worker] o.d.k.p.PageController [PageController.java:66] DELETE-INFO:Deleted the page with id = 1
2020-11-12 09:19:17,172 INFO [Test worker] o.d.k.p.PageController [PageController.java:48] UPDATE-INFO:Updating the page with id = 1
2020-11-12 09:19:17,172 INFO [Test worker] o.d.k.p.PageController [PageController.java:52] UPDATE-INFO:Updated the page with id = 1
2020-11-12 09:19:17,198 INFO [SpringContextShutdownHook] o.s.s.c.ThreadPoolTaskExecutor [ExecutorConfigurationSupport.java:218] Shutting down ExecutorService 'applicationTaskExecutor'
2020-11-12 09:19:17,200 INFO [SpringContextShutdownHook] c.z.h.HikariDataSource [HikariDataSource.java:350] HikariPool-2 - Shutdown initiated...
2020-11-12 09:19:17,241 INFO [SpringContextShutdownHook] o.s.s.c.ThreadPoolTaskExecutor [ExecutorConfigurationSupport.java:218] Shutting down ExecutorService 'applicationTaskExecutor'
2020-11-12 09:19:17,242 INFO [SpringContextShutdownHook] c.z.h.HikariDataSource [HikariDataSource.java:350] HikariPool-1 - Shutdown initiated...
2020-11-12 09:19:17,254 INFO [SpringContextShutdownHook] c.z.h.HikariDataSource [HikariDataSource.java:352] HikariPool-2 - Shutdown completed.
2020-11-12 09:19:17,263 INFO [SpringContextShutdownHook] c.z.h.HikariDataSource [HikariDataSource.java:352] HikariPool-1 - Shutdown completed.
2020-11-12 09:22:52,048 INFO [main] o.d.k.p.PageApplication [StartupInfoLogger.java:55] Starting PageApplication on lin01 with PID 2221 (/home/student/workspace/pages/build/classes/java/main started by student in /home/student/workspace/pages)
2020-11-12 09:22:52,051 INFO [main] o.d.k.p.PageApplication [SpringApplication.java:651] No active profile set, falling back to default profiles: default
2020-11-12 09:22:53,855 INFO [main] o.s.b.w.e.t.TomcatWebServer [TomcatWebServer.java:108] Tomcat initialized with port(s): 8080 (http)
2020-11-12 09:22:53,868 INFO [main] o.a.c.h.Http11NioProtocol [DirectJDKLog.java:173] Initializing ProtocolHandler ["http-nio-8080"]
2020-11-12 09:22:53,868 INFO [main] o.a.c.c.StandardService [DirectJDKLog.java:173] Starting service [Tomcat]
2020-11-12 09:22:53,869 INFO [main] o.a.c.c.StandardEngine [DirectJDKLog.java:173] Starting Servlet engine: [Apache Tomcat/9.0.36]
2020-11-12 09:22:53,960 INFO [main] o.a.c.c.C.[.[.[/] [DirectJDKLog.java:173] Initializing Spring embedded WebApplicationContext
2020-11-12 09:22:53,961 INFO [main] o.s.b.w.s.c.ServletWebServerApplicationContext [ServletWebServerApplicationContext.java:285] Root WebApplicationContext: initialization completed in 1860 ms
2020-11-12 09:22:54,359 INFO [main] o.s.s.c.ThreadPoolTaskExecutor [ExecutorConfigurationSupport.java:181] Initializing ExecutorService 'applicationTaskExecutor'
2020-11-12 09:22:54,624 INFO [main] o.s.b.a.e.w.EndpointLinksResolver [EndpointLinksResolver.java:58] Exposing 2 endpoint(s) beneath base path '/actuator'
2020-11-12 09:22:54,647 INFO [main] o.a.c.h.Http11NioProtocol [DirectJDKLog.java:173] Starting ProtocolHandler ["http-nio-8080"]
2020-11-12 09:22:54,681 INFO [main] o.s.b.w.e.t.TomcatWebServer [TomcatWebServer.java:220] Tomcat started on port(s): 8080 (http) with context path ''
2020-11-12 09:22:54,697 INFO [main] o.d.k.p.PageApplication [StartupInfoLogger.java:61] Started PageApplication in 3.192 seconds (JVM running for 3.706)
2020-11-12 09:23:15,244 INFO [http-nio-8080-exec-1] o.a.c.c.C.[.[.[/] [DirectJDKLog.java:173] Initializing Spring DispatcherServlet 'dispatcherServlet'
2020-11-12 09:23:15,245 INFO [http-nio-8080-exec-1] o.s.w.s.DispatcherServlet [FrameworkServlet.java:525] Initializing Servlet 'dispatcherServlet'
2020-11-12 09:23:15,254 INFO [http-nio-8080-exec-1] o.s.w.s.DispatcherServlet [FrameworkServlet.java:547] Completed initialization in 8 ms
2020-11-12 09:23:15,286 INFO [http-nio-8080-exec-1] o.d.k.p.PageController [PageController.java:41] LIST-INFO:Fetching all pages
2020-11-12 09:23:15,312 INFO [http-nio-8080-exec-1] c.z.h.HikariDataSource [HikariDataSource.java:110] HikariPool-1 - Starting...
2020-11-12 09:23:15,516 INFO [http-nio-8080-exec-1] c.z.h.HikariDataSource [HikariDataSource.java:123] HikariPool-1 - Start completed.
2020-11-12 09:25:24,518 INFO [http-nio-8080-exec-2] o.d.k.p.PageController [PageController.java:41] LIST-INFO:Fetching all pages
2020-11-12 09:34:09,552 INFO [SpringContextShutdownHook] o.s.s.c.ThreadPoolTaskExecutor [ExecutorConfigurationSupport.java:218] Shutting down ExecutorService 'applicationTaskExecutor'
2020-11-12 09:34:09,553 INFO [SpringContextShutdownHook] c.z.h.HikariDataSource [HikariDataSource.java:350] HikariPool-1 - Shutdown initiated...
2020-11-12 09:34:09,570 INFO [SpringContextShutdownHook] c.z.h.HikariDataSource [HikariDataSource.java:352] HikariPool-1 - Shutdown completed.
